[24-Apr-2020 09:08:12 UTC] PHP Fatal error:  Class 'FwDataBase\Orm\Database' not found in /home/puzzle/public_html/Administrator/src/dist/php/Database/Collection/Collection.php on line 7
[24-Apr-2020 09:08:40 UTC] PHP Fatal error:  Trait 'FwDataBase\Orm\Variables' not found in /home/puzzle/public_html/Administrator/src/dist/php/Database/Database.php on line 21
[24-Apr-2020 09:08:49 UTC] PHP Fatal error:  Trait 'FwDataBase\Orm\Providers\Provider' not found in /home/puzzle/public_html/Administrator/src/dist/php/Database/Database.php on line 22
[24-Apr-2020 09:09:01 UTC] PHP Fatal error:  Trait 'FwDataBase\Orm\DDL\Base' not found in /home/puzzle/public_html/Administrator/src/dist/php/Database/Database.php on line 23
[24-Apr-2020 09:09:14 UTC] PHP Fatal error:  Trait 'FwDataBase\Orm\DDL\Create' not found in /home/puzzle/public_html/Administrator/src/dist/php/Database/DDL/Base.php on line 31
[24-Apr-2020 09:09:24 UTC] PHP Fatal error:  Trait 'FwDataBase\Orm\DDL\Alter' not found in /home/puzzle/public_html/Administrator/src/dist/php/Database/DDL/Base.php on line 32
[24-Apr-2020 09:09:36 UTC] PHP Warning:  include(/home/puzzle/public_html/Administrator/src/dist/php/Database): failed to open stream: Success in /home/puzzle/public_html/Administrator/src/views/Test/States/States.php on line 2
[24-Apr-2020 09:09:36 UTC] PHP Warning:  include(): Failed opening '../../../dist/php/Database/' for inclusion (include_path='.:/opt/cpanel/ea-php72/root/usr/share/pear') in /home/puzzle/public_html/Administrator/src/views/Test/States/States.php on line 2
[24-Apr-2020 09:09:36 UTC] PHP Fatal error:  Trait 'FwDataBase\Orm\DML\Main' not found in /home/puzzle/public_html/Administrator/src/dist/php/Database/Database.php on line 24
[24-Apr-2020 09:09:42 UTC] PHP Fatal error:  Trait 'FwDataBase\Orm\DML\Main' not found in /home/puzzle/public_html/Administrator/src/dist/php/Database/Database.php on line 24
[24-Apr-2020 09:09:53 UTC] PHP Fatal error:  Trait 'FwDataBase\Orm\DML\Query' not found in /home/puzzle/public_html/Administrator/src/dist/php/Database/DML/Main.php on line 7
[24-Apr-2020 09:09:59 UTC] PHP Fatal error:  Trait 'FwDataBase\Orm\DML\Insert' not found in /home/puzzle/public_html/Administrator/src/dist/php/Database/DML/Main.php on line 8
[24-Apr-2020 09:10:06 UTC] PHP Fatal error:  Trait 'FwDataBase\Orm\DML\Update' not found in /home/puzzle/public_html/Administrator/src/dist/php/Database/DML/Main.php on line 9
[24-Apr-2020 09:10:12 UTC] PHP Fatal error:  Trait 'FwDataBase\Orm\DML\Delete' not found in /home/puzzle/public_html/Administrator/src/dist/php/Database/DML/Main.php on line 10
[24-Apr-2020 09:10:16 UTC] PHP Fatal error:  Trait 'FwDataBase\Orm\DML\Paginate' not found in /home/puzzle/public_html/Administrator/src/dist/php/Database/DML/Main.php on line 11
[24-Apr-2020 09:10:39 UTC] PHP Fatal error:  Trait 'FwDataBase\Orm\Operations\Main' not found in /home/puzzle/public_html/Administrator/src/dist/php/Database/Database.php on line 25
[24-Apr-2020 09:10:47 UTC] PHP Fatal error:  Trait 'FwDataBase\Orm\Operations\Where' not found in /home/puzzle/public_html/Administrator/src/dist/php/Database/Operations/Main.php on line 7
[24-Apr-2020 09:10:53 UTC] PHP Fatal error:  Trait 'FwDataBase\Orm\Operations\Cond' not found in /home/puzzle/public_html/Administrator/src/dist/php/Database/Operations/Main.php on line 8
[24-Apr-2020 09:11:00 UTC] PHP Fatal error:  Trait 'FwDataBase\Orm\Operations\parseWhere' not found in /home/puzzle/public_html/Administrator/src/dist/php/Database/Operations/Main.php on line 9
[24-Apr-2020 09:11:13 UTC] PHP Fatal error:  Trait 'FwDataBase\Orm\Operations\Other' not found in /home/puzzle/public_html/Administrator/src/dist/php/Database/Operations/Main.php on line 10
[24-Apr-2020 09:11:57 UTC] PHP Fatal error:  Uncaught Error: Call to undefined function config() in /home/puzzle/public_html/Administrator/src/dist/php/Database/Database.php:38
Stack trace:
#0 /home/puzzle/public_html/Administrator/src/dist/php/Database/Database.php(60): FwDataBase\Orm\Database->__construct()
#1 /home/puzzle/public_html/Administrator/src/views/Test/States/States.php(20): FwDataBase\Orm\Database::connect()
#2 {main}
  thrown in /home/puzzle/public_html/Administrator/src/dist/php/Database/Database.php on line 38
[24-Apr-2020 09:17:21 UTC] PHP Fatal error:  Uncaught Error: Call to undefined function config() in /home/puzzle/public_html/Administrator/src/dist/php/Database/Database.php:38
Stack trace:
#0 /home/puzzle/public_html/Administrator/src/dist/php/Database/Database.php(60): FwDataBase\Orm\Database->__construct()
#1 /home/puzzle/public_html/Administrator/src/views/Test/States/States.php(20): FwDataBase\Orm\Database::connect()
#2 {main}
  thrown in /home/puzzle/public_html/Administrator/src/dist/php/Database/Database.php on line 38
[24-Apr-2020 09:17:36 UTC] PHP Fatal error:  Uncaught Error: Call to undefined function getIp() in /home/puzzle/public_html/Administrator/src/dist/php/Config/database_config.php:92
Stack trace:
#0 /home/puzzle/public_html/Administrator/src/dist/php/Config/config_function.php(8): include()
#1 /home/puzzle/public_html/Administrator/src/dist/php/Database/Database.php(38): config()
#2 /home/puzzle/public_html/Administrator/src/dist/php/Database/Database.php(60): FwDataBase\Orm\Database->__construct()
#3 /home/puzzle/public_html/Administrator/src/views/Test/States/States.php(22): FwDataBase\Orm\Database::connect()
#4 {main}
  thrown in /home/puzzle/public_html/Administrator/src/dist/php/Config/database_config.php on line 92
[24-Apr-2020 09:18:09 UTC] PHP Warning:  Use of undefined constant __BASE_DIR__ - assumed '__BASE_DIR__' (this will throw an Error in a future version of PHP) in /home/puzzle/public_html/Administrator/src/conf/connection.php on line 3
[24-Apr-2020 09:18:09 UTC] PHP Warning:  file_get_contents(__BASE_DIR__.conn): failed to open stream: No such file or directory in /home/puzzle/public_html/Administrator/src/conf/connection.php on line 3
[24-Apr-2020 09:18:09 UTC] PHP Fatal error:  Uncaught PDOException: SQLSTATE[HY000] [1045] Access denied for user ''@'localhost' (using password: NO) in /home/puzzle/public_html/Administrator/src/conf/connection.php:9
Stack trace:
#0 /home/puzzle/public_html/Administrator/src/conf/connection.php(9): PDO->__construct('mysql:host=;dbn...', '', '', Array)
#1 /home/puzzle/public_html/Administrator/src/views/Test/States/States.php(2): include('/home/puzzle/pu...')
#2 {main}
  thrown in /home/puzzle/public_html/Administrator/src/conf/connection.php on line 9
[24-Apr-2020 13:54:39 Asia/Tehran] PHP Fatal error:  Uncaught PDOException: SQLSTATE[42S02]: Base table or view not found: 1146 Table 'puzzle_db.test' doesn't exist in /home/puzzle/public_html/Administrator/src/dist/php/Database/DML/Query.php:43
Stack trace:
#0 /home/puzzle/public_html/Administrator/src/dist/php/Database/DML/Query.php(43): PDOStatement->execute()
#1 /home/puzzle/public_html/Administrator/src/dist/php/Database/DML/Query.php(105): FwDataBase\Orm\Database->query('SELECT * FROM t...')
#2 /home/puzzle/public_html/Administrator/src/views/Test/States/States.php(27): FwDataBase\Orm\Database->select()
#3 {main}
  thrown in /home/puzzle/public_html/Administrator/src/dist/php/Database/DML/Query.php on line 43
[24-Apr-2020 13:54:47 Asia/Tehran] PHP Fatal error:  Uncaught Error: Class 'FwDataBase\Orm\Collection\Collection' not found in /home/puzzle/public_html/Administrator/src/dist/php/Database/Database.php:68
Stack trace:
#0 /home/puzzle/public_html/Administrator/src/dist/php/Database/DML/Query.php(107): FwDataBase\Orm\Database->collection(Array)
#1 /home/puzzle/public_html/Administrator/src/views/Test/States/States.php(27): FwDataBase\Orm\Database->select()
#2 {main}
  thrown in /home/puzzle/public_html/Administrator/src/dist/php/Database/Database.php on line 68
[24-Apr-2020 13:55:05 Asia/Tehran] PHP Fatal error:  Class 'FwDataBase\Orm\Database' not found in /home/puzzle/public_html/Administrator/src/dist/php/Database/Collection/Collection.php on line 7
[24-Apr-2020 14:05:21 Asia/Tehran] PHP Warning:  Invalid argument supplied for foreach() in /home/puzzle/public_html/Administrator/src/views/Test/States/States.php on line 34
[24-Apr-2020 14:05:27 Asia/Tehran] PHP Warning:  Invalid argument supplied for foreach() in /home/puzzle/public_html/Administrator/src/views/Test/States/States.php on line 35
[24-Apr-2020 14:07:50 Asia/Tehran] PHP Fatal error:  Uncaught Error: Call to undefined method stdClass::save() in /home/puzzle/public_html/Administrator/src/views/Test/States/States.php:35
Stack trace:
#0 {main}
  thrown in /home/puzzle/public_html/Administrator/src/views/Test/States/States.php on line 35
[24-Apr-2020 14:09:25 Asia/Tehran] PHP Fatal error:  Uncaught Error: Call to undefined method stdClass::delete() in /home/puzzle/public_html/Administrator/src/views/Test/States/States.php:34
Stack trace:
#0 {main}
  thrown in /home/puzzle/public_html/Administrator/src/views/Test/States/States.php on line 34
[24-Apr-2020 09:52:13 UTC] PHP Fatal error:  Uncaught Error: Class 'FwDBInteraction\Primitives\Database' not found in /home/puzzle/public_html/Administrator/src/views/Test/States/States.php:8
Stack trace:
#0 {main}
  thrown in /home/puzzle/public_html/Administrator/src/views/Test/States/States.php on line 8
[24-Apr-2020 10:05:51 UTC] PHP Fatal error:  Uncaught Error: Class 'FwDBInteraction\Primitives\Database' not found in /home/puzzle/public_html/Administrator/src/views/Test/States/States.php:8
Stack trace:
#0 {main}
  thrown in /home/puzzle/public_html/Administrator/src/views/Test/States/States.php on line 8
[24-Apr-2020 10:06:06 UTC] PHP Warning:  PDO::query(): SQLSTATE[00000]: No error: PDO constructor was not called in /home/puzzle/public_html/Administrator/src/views/Test/States/States.php on line 14
[24-Apr-2020 10:18:09 UTC] PHP Warning:  PDO::query(): SQLSTATE[00000]: No error: PDO constructor was not called in /home/puzzle/public_html/Administrator/src/views/Test/States/States.php on line 14
[24-Apr-2020 10:22:44 UTC] PHP Warning:  PDO::query(): SQLSTATE[00000]: No error: PDO constructor was not called in /home/puzzle/public_html/Administrator/src/views/Test/States/States.php on line 14
[24-Apr-2020 10:22:50 UTC] PHP Warning:  PDO::query(): SQLSTATE[00000]: No error: PDO constructor was not called in /home/puzzle/public_html/Administrator/src/views/Test/States/States.php on line 14
[24-Apr-2020 10:23:45 UTC] PHP Fatal error:  Uncaught Error: Call to a member function query() on null in /home/puzzle/public_html/Administrator/src/dist/php/DataBase/Database.php:15
Stack trace:
#0 /home/puzzle/public_html/Administrator/src/views/Test/States/States.php(14): FwDBInteraction\Primitives\Database->query('select * from t...')
#1 {main}
  thrown in /home/puzzle/public_html/Administrator/src/dist/php/DataBase/Database.php on line 15
[24-Apr-2020 10:23:55 UTC] PHP Fatal error:  Uncaught PDOException: SQLSTATE[HY000]: General error: invalid fetch mode in /home/puzzle/public_html/Administrator/src/dist/php/DataBase/Database.php:15
Stack trace:
#0 /home/puzzle/public_html/Administrator/src/dist/php/DataBase/Database.php(15): PDO->query('select * from t...', 19, NULL, Array)
#1 /home/puzzle/public_html/Administrator/src/views/Test/States/States.php(15): FwDBInteraction\Primitives\Database->query('select * from t...')
#2 {main}

Next PDOException: SQLSTATE[22003]: Numeric value out of range: Invalid fetch mode specified in /home/puzzle/public_html/Administrator/src/dist/php/DataBase/Database.php:15
Stack trace:
#0 /home/puzzle/public_html/Administrator/src/dist/php/DataBase/Database.php(15): PDO->query('select * from t...', 19, NULL, Array)
#1 /home/puzzle/public_html/Administrator/src/views/Test/States/States.php(15): FwDBInteraction\Primitives\Database->query('select * from t...')
#2 {main}
  thrown in /home/puzzle/public_html/Administrator/src/dist/php/DataBase/Database.php on line 15
[24-Apr-2020 10:24:29 UTC] PHP Fatal error:  Uncaught Error: Call to a member function fetchObject() on null in /home/puzzle/public_html/Administrator/src/views/Test/States/States.php:16
Stack trace:
#0 {main}
  thrown in /home/puzzle/public_html/Administrator/src/views/Test/States/States.php on line 16
[24-Apr-2020 10:24:56 UTC] PHP Fatal error:  Uncaught Error: Call to a member function fetchObject() on null in /home/puzzle/public_html/Administrator/src/views/Test/States/States.php:16
Stack trace:
#0 {main}
  thrown in /home/puzzle/public_html/Administrator/src/views/Test/States/States.php on line 16
[24-Apr-2020 10:35:54 UTC] PHP Fatal error:  Class 'DATABASE\Model' not found in /home/puzzle/public_html/Administrator/src/models/Test/States/States.php on line 6
[24-Apr-2020 15:09:12 Asia/Tehran] PHP Fatal error:  Cannot make static method DATABASE\methods::select() non static in class FwDBInteraction\Primitives\Database in /home/puzzle/public_html/Administrator/src/models/Test/States/States.php on line 6
[24-Apr-2020 15:25:03 Asia/Tehran] PHP Fatal error:  Uncaught Error: Call to a member function execute() on null in /home/puzzle/public_html/Administrator/src/views/Test/States/States.php:13
Stack trace:
#0 {main}
  thrown in /home/puzzle/public_html/Administrator/src/views/Test/States/States.php on line 13
[24-Apr-2020 15:26:37 Asia/Tehran] PHP Recoverable fatal error:  Object of class Generator could not be converted to string in /home/puzzle/public_html/Administrator/src/views/Test/States/States.php on line 13
[24-Apr-2020 15:27:05 Asia/Tehran] PHP Fatal error:  Uncaught Error: Call to a member function query() on null in /home/puzzle/public_html/Administrator/src/dist/php/DataBase/Database.php:85
Stack trace:
#0 /home/puzzle/public_html/Administrator/src/views/Test/States/States.php(13): model\States->execute()
#1 {main}
  thrown in /home/puzzle/public_html/Administrator/src/dist/php/DataBase/Database.php on line 85
[24-Apr-2020 15:27:41 Asia/Tehran] PHP Fatal error:  Uncaught PDOException: SQLSTATE[HY000] [1045] Access denied for user ''@'localhost' (using password: NO) in /home/puzzle/public_html/Administrator/src/dist/php/DataBase/Database.php:153
Stack trace:
#0 /home/puzzle/public_html/Administrator/src/dist/php/DataBase/Database.php(153): PDO->__construct('mysql:host=loca...', NULL, NULL, Array)
#1 /home/puzzle/public_html/Administrator/src/dist/php/DataBase/Database.php(85): model\States->connect()
#2 /home/puzzle/public_html/Administrator/src/views/Test/States/States.php(13): model\States->execute()
#3 {main}
  thrown in /home/puzzle/public_html/Administrator/src/dist/php/DataBase/Database.php on line 153
[24-Apr-2020 15:28:28 Asia/Tehran] PHP Fatal error:  Uncaught PDOException: SQLSTATE[HY000] [1045] Access denied for user ''@'localhost' (using password: NO) in /home/puzzle/public_html/Administrator/src/dist/php/DataBase/Database.php:154
Stack trace:
#0 /home/puzzle/public_html/Administrator/src/dist/php/DataBase/Database.php(154): PDO->__construct('mysql:host=loca...', NULL, NULL, Array)
#1 /home/puzzle/public_html/Administrator/src/dist/php/DataBase/Database.php(86): model\States->connect()
#2 /home/puzzle/public_html/Administrator/src/views/Test/States/States.php(13): model\States->execute()
#3 {main}
  thrown in /home/puzzle/public_html/Administrator/src/dist/php/DataBase/Database.php on line 154
[24-Apr-2020 15:28:30 Asia/Tehran] PHP Fatal error:  Uncaught PDOException: SQLSTATE[HY000] [1045] Access denied for user ''@'localhost' (using password: NO) in /home/puzzle/public_html/Administrator/src/dist/php/DataBase/Database.php:154
Stack trace:
#0 /home/puzzle/public_html/Administrator/src/dist/php/DataBase/Database.php(154): PDO->__construct('mysql:host=loca...', NULL, NULL, Array)
#1 /home/puzzle/public_html/Administrator/src/dist/php/DataBase/Database.php(86): model\States->connect()
#2 /home/puzzle/public_html/Administrator/src/views/Test/States/States.php(13): model\States->execute()
#3 {main}
  thrown in /home/puzzle/public_html/Administrator/src/dist/php/DataBase/Database.php on line 154
[24-Apr-2020 15:28:36 Asia/Tehran] PHP Fatal error:  Uncaught PDOException: SQLSTATE[HY000] [1045] Access denied for user ''@'localhost' (using password: NO) in /home/puzzle/public_html/Administrator/src/dist/php/DataBase/Database.php:155
Stack trace:
#0 /home/puzzle/public_html/Administrator/src/dist/php/DataBase/Database.php(155): PDO->__construct('mysql:host=loca...', NULL, NULL, Array)
#1 /home/puzzle/public_html/Administrator/src/dist/php/DataBase/Database.php(87): model\States->connect()
#2 /home/puzzle/public_html/Administrator/src/views/Test/States/States.php(13): model\States->execute()
#3 {main}
  thrown in /home/puzzle/public_html/Administrator/src/dist/php/DataBase/Database.php on line 155
[24-Apr-2020 15:38:41 Asia/Tehran] PHP Fatal error:  Uncaught Error: Call to a member function toLower() on array in /home/puzzle/public_html/Administrator/src/views/Test/States/States.php:14
Stack trace:
#0 {main}
  thrown in /home/puzzle/public_html/Administrator/src/views/Test/States/States.php on line 14
[24-Apr-2020 15:38:53 Asia/Tehran] PHP Fatal error:  Uncaught Error: Call to undefined method stdClass::toLower() in /home/puzzle/public_html/Administrator/src/views/Test/States/States.php:14
Stack trace:
#0 {main}
  thrown in /home/puzzle/public_html/Administrator/src/views/Test/States/States.php on line 14
[24-Apr-2020 15:39:42 Asia/Tehran] PHP Fatal error:  Uncaught Error: Call to undefined method stdClass::toLower() in /home/puzzle/public_html/Administrator/src/views/Test/States/States.php:14
Stack trace:
#0 {main}
  thrown in /home/puzzle/public_html/Administrator/src/views/Test/States/States.php on line 14
[24-Apr-2020 15:41:52 Asia/Tehran] PHP Recoverable fatal error:  Object of class test could not be converted to string in /home/puzzle/public_html/Administrator/src/views/Test/States/States.php on line 22
[24-Apr-2020 15:42:29 Asia/Tehran] PHP Recoverable fatal error:  Object of class test could not be converted to string in /home/puzzle/public_html/Administrator/src/views/Test/States/States.php on line 27
[24-Apr-2020 15:46:25 Asia/Tehran] PHP Fatal error:  Uncaught Error: Class 'DBResult' not found in /home/puzzle/public_html/Administrator/src/dist/php/DataBase/Database.php:95
Stack trace:
#0 /home/puzzle/public_html/Administrator/src/views/Test/States/States.php(12): model\States->execute('array')
#1 {main}
  thrown in /home/puzzle/public_html/Administrator/src/dist/php/DataBase/Database.php on line 95
[24-Apr-2020 15:46:43 Asia/Tehran] PHP Fatal error:  Uncaught Error: Call to a member function toUpper() on null in /home/puzzle/public_html/Administrator/src/views/Test/States/States.php:14
Stack trace:
#0 {main}
  thrown in /home/puzzle/public_html/Administrator/src/views/Test/States/States.php on line 14
[24-Apr-2020 16:31:56 Asia/Tehran] PHP Fatal error:  Uncaught PDOException: SQLSTATE[42000]: Syntax error or access violation: 1064 You have an error in your SQL syntax; check the manual that corresponds to your MariaDB server version for the right syntax to use near 'AND1 = 1 AND' at line 1 in /home/puzzle/public_html/Administrator/src/dist/php/DataBase/Database.php:101
Stack trace:
#0 /home/puzzle/public_html/Administrator/src/dist/php/DataBase/Database.php(101): PDO->query('SELECT * FROM t...')
#1 /home/puzzle/public_html/Administrator/src/views/Test/States/States.php(13): model\States->execute('array')
#2 {main}
  thrown in /home/puzzle/public_html/Administrator/src/dist/php/DataBase/Database.php on line 101
[24-Apr-2020 16:32:16 Asia/Tehran] PHP Fatal error:  Uncaught PDOException: SQLSTATE[42000]: Syntax error or access violation: 1064 You have an error in your SQL syntax; check the manual that corresponds to your MariaDB server version for the right syntax to use near 'AND1 = 1 AND' at line 1 in /home/puzzle/public_html/Administrator/src/dist/php/DataBase/Database.php:102
Stack trace:
#0 /home/puzzle/public_html/Administrator/src/dist/php/DataBase/Database.php(102): PDO->query('SELECT * FROM t...')
#1 /home/puzzle/public_html/Administrator/src/views/Test/States/States.php(13): model\States->execute('array')
#2 {main}
  thrown in /home/puzzle/public_html/Administrator/src/dist/php/DataBase/Database.php on line 102
[24-Apr-2020 16:32:38 Asia/Tehran] PHP Fatal error:  Uncaught PDOException: SQLSTATE[42000]: Syntax error or access violation: 1064 You have an error in your SQL syntax; check the manual that corresponds to your MariaDB server version for the right syntax to use near 'AND1 = 1 AND' at line 1 in /home/puzzle/public_html/Administrator/src/dist/php/DataBase/Database.php:103
Stack trace:
#0 /home/puzzle/public_html/Administrator/src/dist/php/DataBase/Database.php(103): PDO->query('SELECT * FROM t...')
#1 /home/puzzle/public_html/Administrator/src/views/Test/States/States.php(13): model\States->execute('array')
#2 {main}
  thrown in /home/puzzle/public_html/Administrator/src/dist/php/DataBase/Database.php on line 103
[24-Apr-2020 16:32:44 Asia/Tehran] PHP Fatal error:  Uncaught PDOException: SQLSTATE[42000]: Syntax error or access violation: 1064 You have an error in your SQL syntax; check the manual that corresponds to your MariaDB server version for the right syntax to use near 'AND1 = 1 AND' at line 1 in /home/puzzle/public_html/Administrator/src/dist/php/DataBase/Database.php:102
Stack trace:
#0 /home/puzzle/public_html/Administrator/src/dist/php/DataBase/Database.php(102): PDO->query('SELECT * FROM t...')
#1 /home/puzzle/public_html/Administrator/src/views/Test/States/States.php(13): model\States->execute('array')
#2 {main}
  thrown in /home/puzzle/public_html/Administrator/src/dist/php/DataBase/Database.php on line 102
[24-Apr-2020 16:32:55 Asia/Tehran] PHP Fatal error:  Uncaught PDOException: SQLSTATE[42000]: Syntax error or access violation: 1064 You have an error in your SQL syntax; check the manual that corresponds to your MariaDB server version for the right syntax to use near 'AND1 = 1 AND' at line 1 in /home/puzzle/public_html/Administrator/src/dist/php/DataBase/Database.php:102
Stack trace:
#0 /home/puzzle/public_html/Administrator/src/dist/php/DataBase/Database.php(102): PDO->query('SELECT * FROM t...')
#1 /home/puzzle/public_html/Administrator/src/views/Test/States/States.php(13): model\States->execute('array')
#2 {main}
  thrown in /home/puzzle/public_html/Administrator/src/dist/php/DataBase/Database.php on line 102
[24-Apr-2020 16:32:56 Asia/Tehran] PHP Fatal error:  Uncaught PDOException: SQLSTATE[42000]: Syntax error or access violation: 1064 You have an error in your SQL syntax; check the manual that corresponds to your MariaDB server version for the right syntax to use near 'AND1 = 1 AND' at line 1 in /home/puzzle/public_html/Administrator/src/dist/php/DataBase/Database.php:102
Stack trace:
#0 /home/puzzle/public_html/Administrator/src/dist/php/DataBase/Database.php(102): PDO->query('SELECT * FROM t...')
#1 /home/puzzle/public_html/Administrator/src/views/Test/States/States.php(13): model\States->execute('array')
#2 {main}
  thrown in /home/puzzle/public_html/Administrator/src/dist/php/DataBase/Database.php on line 102
[24-Apr-2020 16:33:32 Asia/Tehran] PHP Fatal error:  Uncaught PDOException: SQLSTATE[42000]: Syntax error or access violation: 1064 You have an error in your SQL syntax; check the manual that corresponds to your MariaDB server version for the right syntax to use near 'AND1 = 1 AND' at line 1 in /home/puzzle/public_html/Administrator/src/dist/php/DataBase/Database.php:102
Stack trace:
#0 /home/puzzle/public_html/Administrator/src/dist/php/DataBase/Database.php(102): PDO->query('SELECT * FROM t...')
#1 /home/puzzle/public_html/Administrator/src/views/Test/States/States.php(13): model\States->execute('array')
#2 {main}
  thrown in /home/puzzle/public_html/Administrator/src/dist/php/DataBase/Database.php on line 102
[24-Apr-2020 16:33:37 Asia/Tehran] PHP Fatal error:  Uncaught PDOException: SQLSTATE[42000]: Syntax error or access violation: 1064 You have an error in your SQL syntax; check the manual that corresponds to your MariaDB server version for the right syntax to use near 'AND1 = 1 AND' at line 1 in /home/puzzle/public_html/Administrator/src/dist/php/DataBase/Database.php:102
Stack trace:
#0 /home/puzzle/public_html/Administrator/src/dist/php/DataBase/Database.php(102): PDO->query('SELECT * FROM t...')
#1 /home/puzzle/public_html/Administrator/src/views/Test/States/States.php(13): model\States->execute('array')
#2 {main}
  thrown in /home/puzzle/public_html/Administrator/src/dist/php/DataBase/Database.php on line 102
[24-Apr-2020 16:33:53 Asia/Tehran] PHP Fatal error:  Uncaught PDOException: SQLSTATE[42000]: Syntax error or access violation: 1064 You have an error in your SQL syntax; check the manual that corresponds to your MariaDB server version for the right syntax to use near '' at line 1 in /home/puzzle/public_html/Administrator/src/dist/php/DataBase/Database.php:102
Stack trace:
#0 /home/puzzle/public_html/Administrator/src/dist/php/DataBase/Database.php(102): PDO->query('SELECT * FROM t...')
#1 /home/puzzle/public_html/Administrator/src/views/Test/States/States.php(13): model\States->execute('array')
#2 {main}
  thrown in /home/puzzle/public_html/Administrator/src/dist/php/DataBase/Database.php on line 102
[24-Apr-2020 16:34:12 Asia/Tehran] PHP Fatal error:  Uncaught PDOException: SQLSTATE[42000]: Syntax error or access violation: 1064 You have an error in your SQL syntax; check the manual that corresponds to your MariaDB server version for the right syntax to use near '' at line 1 in /home/puzzle/public_html/Administrator/src/dist/php/DataBase/Database.php:104
Stack trace:
#0 /home/puzzle/public_html/Administrator/src/dist/php/DataBase/Database.php(104): PDO->query('SELECT * FROM t...')
#1 /home/puzzle/public_html/Administrator/src/views/Test/States/States.php(13): model\States->execute('array')
#2 {main}
  thrown in /home/puzzle/public_html/Administrator/src/dist/php/DataBase/Database.php on line 104
[24-Apr-2020 16:37:33 Asia/Tehran] PHP Fatal error:  __debuginfo() must return an array in /home/puzzle/public_html/Administrator/src/views/Test/States/States.php on line 14
[24-Apr-2020 16:45:07 Asia/Tehran] PHP Fatal error:  Uncaught PDOException: SQLSTATE[42S02]: Base table or view not found: 1146 Table 'puzzle_db.tbl' doesn't exist in /home/puzzle/public_html/Administrator/src/dist/php/DataBase/Database.php:121
Stack trace:
#0 /home/puzzle/public_html/Administrator/src/dist/php/DataBase/Database.php(121): PDO->query('select * from t...')
#1 /home/puzzle/public_html/Administrator/src/views/Test/States/States.php(13): model\States->execute('array')
#2 {main}
  thrown in /home/puzzle/public_html/Administrator/src/dist/php/DataBase/Database.php on line 121
[24-Apr-2020 16:45:26 Asia/Tehran] PHP Fatal error:  Uncaught PDOException: SQLSTATE[42S02]: Base table or view not found: 1146 Table 'puzzle_db.tbl' doesn't exist in /home/puzzle/public_html/Administrator/src/dist/php/DataBase/Database.php:121
Stack trace:
#0 /home/puzzle/public_html/Administrator/src/dist/php/DataBase/Database.php(121): PDO->query('select * from t...')
#1 /home/puzzle/public_html/Administrator/src/views/Test/States/States.php(13): model\States->execute('array')
#2 {main}
  thrown in /home/puzzle/public_html/Administrator/src/dist/php/DataBase/Database.php on line 121
[24-Apr-2020 16:45:38 Asia/Tehran] PHP Fatal error:  Uncaught Error: Call to a member function save() on array in /home/puzzle/public_html/Administrator/src/views/Test/States/States.php:14
Stack trace:
#0 {main}
  thrown in /home/puzzle/public_html/Administrator/src/views/Test/States/States.php on line 14
[24-Apr-2020 16:51:26 Asia/Tehran] PHP Fatal error:  Uncaught ArgumentCountError: Too few arguments to function DBResult::__construct(), 1 passed in /home/puzzle/public_html/Administrator/src/dist/php/DataBase/Database.php on line 146 and exactly 2 expected in /home/puzzle/public_html/Administrator/src/dist/php/DataBase/ORM/DBResult.php:4
Stack trace:
#0 /home/puzzle/public_html/Administrator/src/dist/php/DataBase/Database.php(146): DBResult->__construct(Object(stdClass))
#1 /home/puzzle/public_html/Administrator/src/views/Test/States/States.php(13): model\States->execute('object')
#2 {main}
  thrown in /home/puzzle/public_html/Administrator/src/dist/php/DataBase/ORM/DBResult.php on line 4
[24-Apr-2020 16:59:42 Asia/Tehran] PHP Fatal error:  Class 'FwDBInteraction\Primitive\Methods\Methods' not found in /home/puzzle/public_html/Administrator/src/dist/php/DataBase/ORM/DBResult.php on line 8
[24-Apr-2020 17:05:01 Asia/Tehran] PHP Recoverable fatal error:  Object of class stdClass could not be converted to string in /home/puzzle/public_html/Administrator/src/dist/php/DataBase/ORM/DBResult.php on line 32
[24-Apr-2020 17:05:25 Asia/Tehran] PHP Recoverable fatal error:  Object of class stdClass could not be converted to string in /home/puzzle/public_html/Administrator/src/dist/php/DataBase/ORM/DBResult.php on line 32
[24-Apr-2020 17:05:47 Asia/Tehran] PHP Recoverable fatal error:  Object of class stdClass could not be converted to string in /home/puzzle/public_html/Administrator/src/dist/php/DataBase/ORM/DBResult.php on line 32
[24-Apr-2020 17:14:33 Asia/Tehran] PHP Fatal error:  Trait 'FwDBInteraction\Primitives\DirectInterAction' not found in /home/puzzle/public_html/Administrator/src/dist/php/DataBase/Database.php on line 14
[24-Apr-2020 17:14:48 Asia/Tehran] PHP Fatal error:  FwDBInteraction\Primitives\Orm\DBResult cannot use FwDBInteraction\Primitive\Methods\Methods - it is not a trait in /home/puzzle/public_html/Administrator/src/dist/php/DataBase/ORM/DBResult.php on line 9
[24-Apr-2020 17:16:30 Asia/Tehran] PHP Fatal error:  Uncaught Error: Call to a member function query() on null in /home/puzzle/public_html/Administrator/src/dist/php/DataBase/ORM/DBResult.php:35
Stack trace:
#0 /home/puzzle/public_html/Administrator/src/views/Test/States/States.php(15): FwDBInteraction\Primitives\Orm\DBResult->save()
#1 {main}
  thrown in /home/puzzle/public_html/Administrator/src/dist/php/DataBase/ORM/DBResult.php on line 35
[24-Apr-2020 17:16:37 Asia/Tehran] PHP Fatal error:  Uncaught Error: Call to a member function query() on null in /home/puzzle/public_html/Administrator/src/dist/php/DataBase/ORM/DBResult.php:35
Stack trace:
#0 /home/puzzle/public_html/Administrator/src/views/Test/States/States.php(15): FwDBInteraction\Primitives\Orm\DBResult->save()
#1 {main}
  thrown in /home/puzzle/public_html/Administrator/src/dist/php/DataBase/ORM/DBResult.php on line 35
[24-Apr-2020 17:18:55 Asia/Tehran] PHP Fatal error:  Uncaught Error: Call to a member function query() on null in /home/puzzle/public_html/Administrator/src/dist/php/DataBase/ORM/DBResult.php:36
Stack trace:
#0 /home/puzzle/public_html/Administrator/src/views/Test/States/States.php(15): FwDBInteraction\Primitives\Orm\DBResult->save()
#1 {main}
  thrown in /home/puzzle/public_html/Administrator/src/dist/php/DataBase/ORM/DBResult.php on line 36
[24-Apr-2020 17:19:12 Asia/Tehran] PHP Fatal error:  Uncaught Error: Call to a member function query() on null in /home/puzzle/public_html/Administrator/src/dist/php/DataBase/ORM/DBResult.php:36
Stack trace:
#0 /home/puzzle/public_html/Administrator/src/views/Test/States/States.php(15): FwDBInteraction\Primitives\Orm\DBResult->save()
#1 {main}
  thrown in /home/puzzle/public_html/Administrator/src/dist/php/DataBase/ORM/DBResult.php on line 36
[24-Apr-2020 17:19:27 Asia/Tehran] PHP Fatal error:  Uncaught Error: Call to a member function query() on null in /home/puzzle/public_html/Administrator/src/dist/php/DataBase/ORM/DBResult.php:35
Stack trace:
#0 /home/puzzle/public_html/Administrator/src/views/Test/States/States.php(15): FwDBInteraction\Primitives\Orm\DBResult->save()
#1 {main}
  thrown in /home/puzzle/public_html/Administrator/src/dist/php/DataBase/ORM/DBResult.php on line 35
[24-Apr-2020 17:19:55 Asia/Tehran] PHP Fatal error:  Uncaught Error: Call to a member function query() on null in /home/puzzle/public_html/Administrator/src/dist/php/DataBase/ORM/DBResult.php:36
Stack trace:
#0 /home/puzzle/public_html/Administrator/src/views/Test/States/States.php(15): FwDBInteraction\Primitives\Orm\DBResult->save()
#1 {main}
  thrown in /home/puzzle/public_html/Administrator/src/dist/php/DataBase/ORM/DBResult.php on line 36
[24-Apr-2020 17:21:28 Asia/Tehran] PHP Fatal error:  Uncaught Error: Call to a member function query() on null in /home/puzzle/public_html/Administrator/src/dist/php/DataBase/ORM/DBResult.php:34
Stack trace:
#0 /home/puzzle/public_html/Administrator/src/views/Test/States/States.php(15): FwDBInteraction\Primitives\Orm\DBResult->save()
#1 {main}
  thrown in /home/puzzle/public_html/Administrator/src/dist/php/DataBase/ORM/DBResult.php on line 34
[24-Apr-2020 17:21:40 Asia/Tehran] PHP Fatal error:  Uncaught Error: Call to a member function query() on null in /home/puzzle/public_html/Administrator/src/dist/php/DataBase/ORM/DBResult.php:35
Stack trace:
#0 /home/puzzle/public_html/Administrator/src/views/Test/States/States.php(15): FwDBInteraction\Primitives\Orm\DBResult->save()
#1 {main}
  thrown in /home/puzzle/public_html/Administrator/src/dist/php/DataBase/ORM/DBResult.php on line 35
[24-Apr-2020 17:21:41 Asia/Tehran] PHP Fatal error:  Uncaught Error: Call to a member function query() on null in /home/puzzle/public_html/Administrator/src/dist/php/DataBase/ORM/DBResult.php:35
Stack trace:
#0 /home/puzzle/public_html/Administrator/src/views/Test/States/States.php(15): FwDBInteraction\Primitives\Orm\DBResult->save()
#1 {main}
  thrown in /home/puzzle/public_html/Administrator/src/dist/php/DataBase/ORM/DBResult.php on line 35
[24-Apr-2020 17:21:49 Asia/Tehran] PHP Fatal error:  Uncaught Error: Call to a member function fetchObject() on null in /home/puzzle/public_html/Administrator/src/dist/php/DataBase/ORM/DBResult.php:36
Stack trace:
#0 /home/puzzle/public_html/Administrator/src/views/Test/States/States.php(15): FwDBInteraction\Primitives\Orm\DBResult->save()
#1 {main}
  thrown in /home/puzzle/public_html/Administrator/src/dist/php/DataBase/ORM/DBResult.php on line 36
[24-Apr-2020 17:21:49 Asia/Tehran] PHP Fatal error:  Uncaught Error: Call to a member function fetchObject() on null in /home/puzzle/public_html/Administrator/src/dist/php/DataBase/ORM/DBResult.php:36
Stack trace:
#0 /home/puzzle/public_html/Administrator/src/views/Test/States/States.php(15): FwDBInteraction\Primitives\Orm\DBResult->save()
#1 {main}
  thrown in /home/puzzle/public_html/Administrator/src/dist/php/DataBase/ORM/DBResult.php on line 36
[24-Apr-2020 17:22:33 Asia/Tehran] PHP Fatal error:  Uncaught Error: Call to a member function query() on null in /home/puzzle/public_html/Administrator/src/dist/php/DataBase/ORM/DBResult.php:37
Stack trace:
#0 /home/puzzle/public_html/Administrator/src/views/Test/States/States.php(15): FwDBInteraction\Primitives\Orm\DBResult->save()
#1 {main}
  thrown in /home/puzzle/public_html/Administrator/src/dist/php/DataBase/ORM/DBResult.php on line 37
[24-Apr-2020 17:23:52 Asia/Tehran] PHP Warning:  Attempt to assign property 'state_name' of non-object in /home/puzzle/public_html/Administrator/src/views/Test/States/States.php on line 14
[24-Apr-2020 17:23:52 Asia/Tehran] PHP Fatal error:  Uncaught Error: Call to a member function save() on array in /home/puzzle/public_html/Administrator/src/views/Test/States/States.php:15
Stack trace:
#0 {main}
  thrown in /home/puzzle/public_html/Administrator/src/views/Test/States/States.php on line 15
[24-Apr-2020 17:23:55 Asia/Tehran] PHP Warning:  Attempt to assign property 'state_name' of non-object in /home/puzzle/public_html/Administrator/src/views/Test/States/States.php on line 14
[24-Apr-2020 17:23:55 Asia/Tehran] PHP Fatal error:  Uncaught Error: Call to a member function save() on array in /home/puzzle/public_html/Administrator/src/views/Test/States/States.php:15
Stack trace:
#0 {main}
  thrown in /home/puzzle/public_html/Administrator/src/views/Test/States/States.php on line 15
[24-Apr-2020 17:30:01 Asia/Tehran] PHP Fatal error:  Uncaught Error: Call to a member function query() on null in /home/puzzle/public_html/Administrator/src/dist/php/DataBase/Database.php:27
Stack trace:
#0 /home/puzzle/public_html/Administrator/src/dist/php/DataBase/Database.php(120): model\States->query('SELECT * FROM t...')
#1 /home/puzzle/public_html/Administrator/src/views/Test/States/States.php(13): model\States->execute('object')
#2 {main}
  thrown in /home/puzzle/public_html/Administrator/src/dist/php/DataBase/Database.php on line 27
[24-Apr-2020 17:30:10 Asia/Tehran] PHP Fatal error:  Uncaught Error: Call to a member function query() on null in /home/puzzle/public_html/Administrator/src/dist/php/DataBase/Database.php:27
Stack trace:
#0 /home/puzzle/public_html/Administrator/src/dist/php/DataBase/Database.php(120): model\States->query('SELECT * FROM t...')
#1 /home/puzzle/public_html/Administrator/src/views/Test/States/States.php(13): model\States->execute('object')
#2 {main}
  thrown in /home/puzzle/public_html/Administrator/src/dist/php/DataBase/Database.php on line 27
[24-Apr-2020 17:30:22 Asia/Tehran] PHP Fatal error:  Uncaught Error: Call to a member function query() on null in /home/puzzle/public_html/Administrator/src/dist/php/DataBase/Database.php:27
Stack trace:
#0 /home/puzzle/public_html/Administrator/src/dist/php/DataBase/Database.php(120): model\States->query('SELECT * FROM t...')
#1 /home/puzzle/public_html/Administrator/src/views/Test/States/States.php(13): model\States->execute('object')
#2 {main}
  thrown in /home/puzzle/public_html/Administrator/src/dist/php/DataBase/Database.php on line 27
[24-Apr-2020 17:35:47 Asia/Tehran] PHP Fatal error:  Uncaught Error: Call to a member function fetchAll() on boolean in /home/puzzle/public_html/Administrator/src/dist/php/DataBase/ORM/DBResult.php:45
Stack trace:
#0 /home/puzzle/public_html/Administrator/src/views/Test/States/States.php(15): FwDBInteraction\Primitives\Orm\DBResult->save()
#1 {main}
  thrown in /home/puzzle/public_html/Administrator/src/dist/php/DataBase/ORM/DBResult.php on line 45
[24-Apr-2020 17:36:02 Asia/Tehran] PHP Fatal error:  Uncaught Error: Call to a member function fetchAll() on boolean in /home/puzzle/public_html/Administrator/src/dist/php/DataBase/ORM/DBResult.php:46
Stack trace:
#0 /home/puzzle/public_html/Administrator/src/views/Test/States/States.php(15): FwDBInteraction\Primitives\Orm\DBResult->save()
#1 {main}
  thrown in /home/puzzle/public_html/Administrator/src/dist/php/DataBase/ORM/DBResult.php on line 46
[24-Apr-2020 17:37:48 Asia/Tehran] PHP Recoverable fatal error:  Object of class PDOStatement could not be converted to string in /home/puzzle/public_html/Administrator/src/views/Test/States/States.php on line 15
[24-Apr-2020 18:00:51 Asia/Tehran] PHP Fatal error:  Uncaught PDOException: SQLSTATE[42000]: Syntax error or access violation: 1064 You have an error in your SQL syntax; check the manual that corresponds to your MariaDB server version for the right syntax to use near 'AND1 = 2' at line 1 in /home/puzzle/public_html/Administrator/src/dist/php/DataBase/Database.php:28
Stack trace:
#0 /home/puzzle/public_html/Administrator/src/dist/php/DataBase/Database.php(28): PDO->query('SELECT * FROM t...')
#1 /home/puzzle/public_html/Administrator/src/dist/php/DataBase/Database.php(121): model\States->query('SELECT * FROM t...')
#2 /home/puzzle/public_html/Administrator/src/views/Test/States/States.php(15): model\States->execute('object')
#3 {main}
  thrown in /home/puzzle/public_html/Administrator/src/dist/php/DataBase/Database.php on line 28
[24-Apr-2020 18:00:58 Asia/Tehran] PHP Fatal error:  Uncaught PDOException: SQLSTATE[42000]: Syntax error or access violation: 1064 You have an error in your SQL syntax; check the manual that corresponds to your MariaDB server version for the right syntax to use near 'AND1 = 2' at line 1 in /home/puzzle/public_html/Administrator/src/dist/php/DataBase/Database.php:28
Stack trace:
#0 /home/puzzle/public_html/Administrator/src/dist/php/DataBase/Database.php(28): PDO->query('SELECT * FROM t...')
#1 /home/puzzle/public_html/Administrator/src/dist/php/DataBase/Database.php(121): model\States->query('SELECT * FROM t...')
#2 /home/puzzle/public_html/Administrator/src/views/Test/States/States.php(15): model\States->execute('object')
#3 {main}
  thrown in /home/puzzle/public_html/Administrator/src/dist/php/DataBase/Database.php on line 28
[24-Apr-2020 18:01:16 Asia/Tehran] PHP Fatal error:  Uncaught PDOException: SQLSTATE[42000]: Syntax error or access violation: 1064 You have an error in your SQL syntax; check the manual that corresponds to your MariaDB server version for the right syntax to use near 'AND1 = 2' at line 1 in /home/puzzle/public_html/Administrator/src/dist/php/DataBase/Database.php:28
Stack trace:
#0 /home/puzzle/public_html/Administrator/src/dist/php/DataBase/Database.php(28): PDO->query('SELECT * FROM t...')
#1 /home/puzzle/public_html/Administrator/src/dist/php/DataBase/Database.php(121): model\States->query('SELECT * FROM t...')
#2 /home/puzzle/public_html/Administrator/src/views/Test/States/States.php(15): model\States->execute('object')
#3 {main}
  thrown in /home/puzzle/public_html/Administrator/src/dist/php/DataBase/Database.php on line 28
[24-Apr-2020 18:22:20 Asia/Tehran] PHP Fatal error:  Cannot make static method DATABASE\methods::Update() non static in class FwDBInteraction\Primitives\Database in /home/puzzle/public_html/Administrator/src/models/Test/States/States.php on line 6
[24-Apr-2020 18:22:46 Asia/Tehran] PHP Fatal error:  Uncaught ArgumentCountError: Too few arguments to function DATABASE\methods::update(), 1 passed in /home/puzzle/public_html/Administrator/src/dist/php/DataBase/Database.php on line 102 and exactly 4 expected in /home/puzzle/public_html/Administrator/src/dist/php/methods.php:88
Stack trace:
#0 /home/puzzle/public_html/Administrator/src/dist/php/DataBase/Database.php(102): DATABASE\methods::update(Array)
#1 /home/puzzle/public_html/Administrator/src/views/Test/States/States.php(15): model\States->db_update(Array)
#2 {main}
  thrown in /home/puzzle/public_html/Administrator/src/dist/php/methods.php on line 88
[24-Apr-2020 18:23:41 Asia/Tehran] PHP Recoverable fatal error:  Object of class stdClass could not be converted to string in /home/puzzle/public_html/Administrator/src/views/Test/States/States.php on line 15
[24-Apr-2020 18:24:18 Asia/Tehran] PHP Recoverable fatal error:  Object of class stdClass could not be converted to string in /home/puzzle/public_html/Administrator/src/views/Test/States/States.php on line 15
[24-Apr-2020 18:30:43 Asia/Tehran] PHP Fatal error:  Uncaught Error: Call to a member function __toString() on null in /home/puzzle/public_html/Administrator/src/views/Test/States/States.php:15
Stack trace:
#0 {main}
  thrown in /home/puzzle/public_html/Administrator/src/views/Test/States/States.php on line 15
[24-Apr-2020 18:30:44 Asia/Tehran] PHP Fatal error:  Uncaught Error: Call to a member function __toString() on null in /home/puzzle/public_html/Administrator/src/views/Test/States/States.php:15
Stack trace:
#0 {main}
  thrown in /home/puzzle/public_html/Administrator/src/views/Test/States/States.php on line 15
[24-Apr-2020 18:30:44 Asia/Tehran] PHP Fatal error:  Uncaught Error: Call to a member function __toString() on null in /home/puzzle/public_html/Administrator/src/views/Test/States/States.php:15
Stack trace:
#0 {main}
  thrown in /home/puzzle/public_html/Administrator/src/views/Test/States/States.php on line 15
[24-Apr-2020 20:49:36 Asia/Tehran] PHP Fatal error:  Cannot declare class FwDBInteraction\Primitives\Database, because the name is already in use in /home/puzzle/public_html/Administrator/src/dist/php/DataBase/Database.php on line 309
[24-Apr-2020 20:50:40 Asia/Tehran] PHP Fatal error:  Uncaught Error: Cannot instantiate trait FwDBInteraction\Primitives\Database in /home/puzzle/public_html/Administrator/src/views/Test/States/States.php:7
Stack trace:
#0 {main}
  thrown in /home/puzzle/public_html/Administrator/src/views/Test/States/States.php on line 7
